<?xml version="1.0" encoding="UTF-8"?>
<!-- Generated by org.testng.reporters.JUnitReportReporter -->
<testsuite skipped="0" hostname="Dzhamsheds-MacBook-Pro.local" name="com.hrms.testcase.ContactDetailCase" tests="1" failures="0" timestamp="2020-06-22T13:06:46 PDT" time="8.468" errors="0">
  <testcase name="contacDatails" time="8.468" classname="com.hrms.testcase.ContactDetailCase"/>
  <system-out/>
</testsuite> <!-- com.hrms.testcase.ContactDetailCase -->
