<?xml version="1.0" encoding="UTF-8"?>
<!-- Generated by org.testng.reporters.JUnitReportReporter -->
<testsuite skipped="0" hostname="Dzhamsheds-MacBook-Pro.local" name="com.hrms.testcase.LoginTest" tests="3" failures="0" timestamp="2020-05-30T17:46:44 PDT" time="34.561" errors="0">
  <testcase name="emptyUsernameLogin" time="9.850" classname="com.hrms.testcase.LoginTest"/>
  <system-out/>
  <testcase name="validAdminLogin" time="14.765" classname="com.hrms.testcase.LoginTest"/>
  <system-out/>
  <testcase name="invalidPasswordLogin" time="9.946" classname="com.hrms.testcase.LoginTest"/>
  <system-out/>
</testsuite> <!-- com.hrms.testcase.LoginTest -->
