<?xml version="1.0" encoding="UTF-8"?>
<!-- Generated by org.testng.reporters.JUnitReportReporter -->
<testsuite skipped="0" hostname="Dzhamsheds-MacBook-Pro.local" name="com.hrms.testcase.AddEmployeeTest" tests="2" failures="0" timestamp="2020-06-22T13:02:08 PDT" time="23.034" errors="0">
  <testcase name="addEmployeePage" time="12.538" classname="com.hrms.testcase.AddEmployeeTest"/>
  <system-out/>
  <testcase name="addEmployeePageAnother" time="10.496" classname="com.hrms.testcase.AddEmployeeTest"/>
  <system-out/>
</testsuite> <!-- com.hrms.testcase.AddEmployeeTest -->
