<?xml version="1.0" encoding="UTF-8"?>
<!-- Generated by org.testng.reporters.JUnitReportReporter -->
<testsuite skipped="0" hostname="Dzhamsheds-MacBook-Pro.local" name="com.hrms.testcase.ContactDetailCase" tests="1" failures="0" timestamp="2020-06-25T11:52:05 PDT" time="50.210" errors="0">
  <testcase name="contacDatails" time="50.210" classname="com.hrms.testcase.ContactDetailCase"/>
  <system-out/>
</testsuite> <!-- com.hrms.testcase.ContactDetailCase -->
