<?xml version="1.0" encoding="UTF-8"?>
<!-- Generated by org.testng.reporters.JUnitReportReporter -->
<testsuite skipped="0" hostname="Dzhamsheds-MacBook-Pro.local" name="com.hrms.testcase.LoginTest" tests="1" failures="0" timestamp="2020-06-02T17:57:31 PDT" time="9.892" errors="0">
  <testcase name="validAdminLogin" time="9.892" classname="com.hrms.testcase.LoginTest"/>
  <system-out/>
</testsuite> <!-- com.hrms.testcase.LoginTest -->
