<?xml version="1.0" encoding="UTF-8"?>
<!-- Generated by org.testng.reporters.JUnitReportReporter -->
<testsuite skipped="0" hostname="Dzhamsheds-MacBook-Pro.local" name="com.hrms.testcase.AddEmployeeTest" tests="2" failures="0" timestamp="2020-06-02T17:22:49 PDT" time="43.586" errors="0">
  <testcase name="addEmployeePageAnother" time="29.293" classname="com.hrms.testcase.AddEmployeeTest"/>
  <system-out/>
  <testcase name="addEmployeePage" time="14.293" classname="com.hrms.testcase.AddEmployeeTest"/>
  <system-out/>
</testsuite> <!-- com.hrms.testcase.AddEmployeeTest -->
